{
  "stats": {
    "suites": 1,
    "tests": 1,
    "passes": 1,
    "pending": 0,
    "failures": 0,
    "start": "2020-09-24T10:01:38.265Z",
    "end": "2020-09-24T10:01:46.182Z",
    "duration": 7917,
    "testsRegistered": 1,
    "passPercent": 100,
    "pendingPercent": 0,
    "other": 0,
    "hasOther": false,
    "skipped": 0,
    "hasSkipped": false
  },
  "results": [
    {
      "uuid": "2784e3ea-ecb5-467c-a542-5b273489f443",
      "title": "",
      "fullFile": "cypress/integration/Scenario_1/buyItNow_filter_spec.js",
      "file": "cypress/integration/Scenario_1/buyItNow_filter_spec.js",
      "beforeHooks": [],
      "afterHooks": [],
      "tests": [],
      "suites": [
        {
          "uuid": "82c3bb49-fb63-424c-982e-c6bea2a1b3d1",
          "title": "Should be able to filter the results by Buy it now",
          "fullFile": "",
          "file": "",
          "beforeHooks": [],
          "afterHooks": [],
          "tests": [
            {
              "title": "should be able to navigate to buy it now view and confirm",
              "fullTitle": "Should be able to filter the results by Buy it now should be able to navigate to buy it now view and confirm",
              "timedOut": null,
              "duration": 6176,
              "state": "passed",
              "speed": "slow",
              "pass": true,
              "fail": false,
              "pending": false,
              "context": null,
              "code": "cy.get(itemsPage.buyNowtab).eq(3).click() // url validation\n.url().should('contain', 'BIN=1');",
              "err": {},
              "uuid": "ad27100f-fbce-4943-ba81-3743051e283f",
              "parentUUID": "82c3bb49-fb63-424c-982e-c6bea2a1b3d1",
              "isHook": false,
              "skipped": false
            }
          ],
          "suites": [],
          "passes": [
            "ad27100f-fbce-4943-ba81-3743051e283f"
          ],
          "failures": [],
          "pending": [],
          "skipped": [],
          "duration": 6176,
          "root": false,
          "rootEmpty": false,
          "_timeout": 2000
        }
      ],
      "passes": [],
      "failures": [],
      "pending": [],
      "skipped": [],
      "duration": 0,
      "root": true,
      "rootEmpty": true,
      "_timeout": 2000
    }
  ],
  "meta": {
    "mocha": {
      "version": "7.0.1"
    },
    "mochawesome": {
      "options": {
        "quiet": false,
        "reportFilename": "mochawesome",
        "saveHtml": false,
        "saveJson": true,
        "consoleReporter": "spec",
        "useInlineDiffs": false,
        "code": true
      },
      "version": "6.1.1"
    },
    "marge": {
      "options": {
        "id": "default",
        "reportDir": "cypress/reports/mocha",
        "quite": true,
        "overwrite": false,
        "html": false,
        "json": true
      },
      "version": "5.1.0"
    }
  }
}