{
  "stats": {
    "suites": 1,
    "tests": 1,
    "passes": 1,
    "pending": 0,
    "failures": 0,
    "start": "2020-09-20T21:48:41.818Z",
    "end": "2020-09-20T21:48:48.560Z",
    "duration": 6742,
    "testsRegistered": 1,
    "passPercent": 100,
    "pendingPercent": 0,
    "other": 0,
    "hasOther": false,
    "skipped": 0,
    "hasSkipped": false
  },
  "results": [
    {
      "uuid": "b8b9043e-1b49-4d51-88e6-ddcb19274b41",
      "title": "",
      "fullFile": "cypress/integration/scenario_3/navigate_resultPage_spec.js",
      "file": "cypress/integration/scenario_3/navigate_resultPage_spec.js",
      "beforeHooks": [],
      "afterHooks": [],
      "tests": [],
      "suites": [
        {
          "uuid": "8c299578-4084-4e1b-95f4-f4154fff1f80",
          "title": "Should be able to filter the results by Buy it now",
          "fullFile": "",
          "file": "",
          "beforeHooks": [],
          "afterHooks": [],
          "tests": [
            {
              "title": "Should confirm the page and naviagte through page",
              "fullTitle": "Should be able to filter the results by Buy it now Should confirm the page and naviagte through page",
              "timedOut": null,
              "duration": 5414,
              "state": "passed",
              "speed": "slow",
              "pass": true,
              "fail": false,
              "pending": false,
              "context": null,
              "code": "cy // .get('.s-page no-touch skin-large srp--list-view no-touch skin-large gh-1199 gh-979 gh-939 gh-flex').scrollTo('bottom')\n.scrollTo('bottom').url().should('contain', 'nkw=football').get(itemsPage.pagination).eq(2).click().url().should('contain', 'pgn=3');",
              "err": {},
              "uuid": "f1c37d1e-bf9b-44b6-bb54-bdc09bfb86fe",
              "parentUUID": "8c299578-4084-4e1b-95f4-f4154fff1f80",
              "isHook": false,
              "skipped": false
            }
          ],
          "suites": [],
          "passes": [
            "f1c37d1e-bf9b-44b6-bb54-bdc09bfb86fe"
          ],
          "failures": [],
          "pending": [],
          "skipped": [],
          "duration": 5414,
          "root": false,
          "rootEmpty": false,
          "_timeout": 2000
        }
      ],
      "passes": [],
      "failures": [],
      "pending": [],
      "skipped": [],
      "duration": 0,
      "root": true,
      "rootEmpty": true,
      "_timeout": 2000
    }
  ],
  "meta": {
    "mocha": {
      "version": "7.0.1"
    },
    "mochawesome": {
      "options": {
        "quiet": false,
        "reportFilename": "mochawesome",
        "saveHtml": false,
        "saveJson": true,
        "consoleReporter": "spec",
        "useInlineDiffs": false,
        "code": true
      },
      "version": "6.1.1"
    },
    "marge": {
      "options": {
        "id": "default",
        "reportDir": "cypress/reports/mocha",
        "quite": true,
        "overwrite": false,
        "html": false,
        "json": true
      },
      "version": "5.1.0"
    }
  }
}