{
  "stats": {
    "suites": 1,
    "tests": 1,
    "passes": 1,
    "pending": 0,
    "failures": 0,
    "start": "2020-09-22T09:47:48.878Z",
    "end": "2020-09-22T09:47:55.024Z",
    "duration": 6146,
    "testsRegistered": 1,
    "passPercent": 100,
    "pendingPercent": 0,
    "other": 0,
    "hasOther": false,
    "skipped": 0,
    "hasSkipped": false
  },
  "results": [
    {
      "uuid": "41aad504-6a53-433d-9297-3b716cd8ba49",
      "title": "",
      "fullFile": "cypress/integration/scenario_2/search_category_spec.js",
      "file": "cypress/integration/scenario_2/search_category_spec.js",
      "beforeHooks": [],
      "afterHooks": [],
      "tests": [],
      "suites": [
        {
          "uuid": "3c300192-437b-4bd0-badb-3b884233de75",
          "title": "Should search for the item and select a category",
          "fullFile": "",
          "file": "",
          "beforeHooks": [],
          "afterHooks": [],
          "tests": [
            {
              "title": "Land on the search item page and select a category",
              "fullTitle": "Should search for the item and select a category Land on the search item page and select a category",
              "timedOut": null,
              "duration": 4775,
              "state": "passed",
              "speed": "slow",
              "pass": true,
              "fail": false,
              "pending": false,
              "context": null,
              "code": "cy.get(itemsPage.categoryItem).eq(5).click(); // add validation\ncy.url().should('contain', 'nkw=football');",
              "err": {},
              "uuid": "f3845f4a-55ff-462b-9364-4f52fdf49a81",
              "parentUUID": "3c300192-437b-4bd0-badb-3b884233de75",
              "isHook": false,
              "skipped": false
            }
          ],
          "suites": [],
          "passes": [
            "f3845f4a-55ff-462b-9364-4f52fdf49a81"
          ],
          "failures": [],
          "pending": [],
          "skipped": [],
          "duration": 4775,
          "root": false,
          "rootEmpty": false,
          "_timeout": 2000
        }
      ],
      "passes": [],
      "failures": [],
      "pending": [],
      "skipped": [],
      "duration": 0,
      "root": true,
      "rootEmpty": true,
      "_timeout": 2000
    }
  ],
  "meta": {
    "mocha": {
      "version": "7.0.1"
    },
    "mochawesome": {
      "options": {
        "quiet": false,
        "reportFilename": "mochawesome",
        "saveHtml": false,
        "saveJson": true,
        "consoleReporter": "spec",
        "useInlineDiffs": false,
        "code": true
      },
      "version": "6.1.1"
    },
    "marge": {
      "options": {
        "id": "default",
        "reportDir": "cypress/reports/mocha",
        "quite": true,
        "overwrite": false,
        "html": false,
        "json": true
      },
      "version": "5.1.0"
    }
  }
}