{
  "stats": {
    "suites": 1,
    "tests": 3,
    "passes": 2,
    "pending": 0,
    "failures": 1,
    "start": "2020-09-20T21:48:11.197Z",
    "end": "2020-09-20T21:48:29.537Z",
    "duration": 18340,
    "testsRegistered": 3,
    "passPercent": 66.66666666666666,
    "pendingPercent": 0,
    "other": 0,
    "hasOther": false,
    "skipped": 0,
    "hasSkipped": false
  },
  "results": [
    {
      "uuid": "4da6f693-5a0c-4625-b3ca-c872645f6ab4",
      "title": "",
      "fullFile": "cypress/integration/Scenario_1/search_verify_spec.js",
      "file": "cypress/integration/Scenario_1/search_verify_spec.js",
      "beforeHooks": [],
      "afterHooks": [],
      "tests": [],
      "suites": [
        {
          "uuid": "f44b3bf8-ec4d-40b8-931a-e401050c85bc",
          "title": "Search and verify results",
          "fullFile": "",
          "file": "",
          "beforeHooks": [],
          "afterHooks": [],
          "tests": [
            {
              "title": "Should click on search and confirm the next page as expected",
              "fullTitle": "Search and verify results Should click on search and confirm the next page as expected",
              "timedOut": null,
              "duration": 4776,
              "state": "passed",
              "speed": "slow",
              "pass": true,
              "fail": false,
              "pending": false,
              "context": null,
              "code": "cy.wait(1000).url().should('contain', 'nkw=football'); // .get(homePage.abcSearchBtn).click()",
              "err": {},
              "uuid": "aa4847d1-38ff-4c5d-9211-5eab4bf4a340",
              "parentUUID": "f44b3bf8-ec4d-40b8-931a-e401050c85bc",
              "isHook": false,
              "skipped": false
            },
            {
              "title": "Should Confirm the items card show;  price and show BuyItNow tag",
              "fullTitle": "Search and verify results Should Confirm the items card show;  price and show BuyItNow tag",
              "timedOut": null,
              "duration": 4188,
              "state": "passed",
              "speed": "slow",
              "pass": true,
              "fail": false,
              "pending": false,
              "context": null,
              "code": "cy.get(itemsPage.priceOfItem).should('exist').get(itemsPage.buyItNow).should('exist');",
              "err": {},
              "uuid": "8aa25e2a-d1ec-4e84-9442-ea300be9e591",
              "parentUUID": "f44b3bf8-ec4d-40b8-931a-e401050c85bc",
              "isHook": false,
              "skipped": false
            },
            {
              "title": "This Should fail to confirm that priceOfItem should exist",
              "fullTitle": "Search and verify results This Should fail to confirm that priceOfItem should exist",
              "timedOut": null,
              "duration": 7919,
              "state": "failed",
              "speed": null,
              "pass": false,
              "fail": true,
              "pending": false,
              "context": null,
              "code": "cy.get(itemsPage.priceOfItem).should('not.exist');",
              "err": {
                "message": "AssertionError: Timed out retrying: Expected [ <span.s-item__price>, 62 more... ] not to exist in the DOM, but it was continuously found.",
                "estack": "AssertionError: Timed out retrying: Expected [ <span.s-item__price>, 62 more... ] not to exist in the DOM, but it was continuously found.\n    at Context.eval (https://www.ebay.co.uk/__cypress/tests?p=cypress/integration/Scenario_1/search_verify_spec.js:183:35)",
                "diff": null
              },
              "uuid": "08b0a133-a673-486d-a035-f163220ec261",
              "parentUUID": "f44b3bf8-ec4d-40b8-931a-e401050c85bc",
              "isHook": false,
              "skipped": false
            }
          ],
          "suites": [],
          "passes": [
            "aa4847d1-38ff-4c5d-9211-5eab4bf4a340",
            "8aa25e2a-d1ec-4e84-9442-ea300be9e591"
          ],
          "failures": [
            "08b0a133-a673-486d-a035-f163220ec261"
          ],
          "pending": [],
          "skipped": [],
          "duration": 16883,
          "root": false,
          "rootEmpty": false,
          "_timeout": 2000
        }
      ],
      "passes": [],
      "failures": [],
      "pending": [],
      "skipped": [],
      "duration": 0,
      "root": true,
      "rootEmpty": true,
      "_timeout": 2000
    }
  ],
  "meta": {
    "mocha": {
      "version": "7.0.1"
    },
    "mochawesome": {
      "options": {
        "quiet": false,
        "reportFilename": "mochawesome",
        "saveHtml": false,
        "saveJson": true,
        "consoleReporter": "spec",
        "useInlineDiffs": false,
        "code": true
      },
      "version": "6.1.1"
    },
    "marge": {
      "options": {
        "id": "default",
        "reportDir": "cypress/reports/mocha",
        "quite": true,
        "overwrite": false,
        "html": false,
        "json": true
      },
      "version": "5.1.0"
    }
  }
}