{
  "stats": {
    "suites": 1,
    "tests": 1,
    "passes": 1,
    "pending": 0,
    "failures": 0,
    "start": "2020-09-20T21:48:33.120Z",
    "end": "2020-09-20T21:48:39.132Z",
    "duration": 6012,
    "testsRegistered": 1,
    "passPercent": 100,
    "pendingPercent": 0,
    "other": 0,
    "hasOther": false,
    "skipped": 0,
    "hasSkipped": false
  },
  "results": [
    {
      "uuid": "add4b42c-9303-4ad7-988d-05b1c5431600",
      "title": "",
      "fullFile": "cypress/integration/scenario_2/search_category_spec.js",
      "file": "cypress/integration/scenario_2/search_category_spec.js",
      "beforeHooks": [],
      "afterHooks": [],
      "tests": [],
      "suites": [
        {
          "uuid": "037d7fb4-c629-44bd-a0a3-ff40e6b0662f",
          "title": "Should search for the item and select a category",
          "fullFile": "",
          "file": "",
          "beforeHooks": [],
          "afterHooks": [],
          "tests": [
            {
              "title": "Land on the search item page and select a category",
              "fullTitle": "Should search for the item and select a category Land on the search item page and select a category",
              "timedOut": null,
              "duration": 4639,
              "state": "passed",
              "speed": "slow",
              "pass": true,
              "fail": false,
              "pending": false,
              "context": null,
              "code": "cy.get(itemsPage.categoryItem).eq(5).click(); // add validation\ncy.url().should('contain', 'nkw=football');",
              "err": {},
              "uuid": "f84dcbea-6222-483f-9baf-4f868886ac30",
              "parentUUID": "037d7fb4-c629-44bd-a0a3-ff40e6b0662f",
              "isHook": false,
              "skipped": false
            }
          ],
          "suites": [],
          "passes": [
            "f84dcbea-6222-483f-9baf-4f868886ac30"
          ],
          "failures": [],
          "pending": [],
          "skipped": [],
          "duration": 4639,
          "root": false,
          "rootEmpty": false,
          "_timeout": 2000
        }
      ],
      "passes": [],
      "failures": [],
      "pending": [],
      "skipped": [],
      "duration": 0,
      "root": true,
      "rootEmpty": true,
      "_timeout": 2000
    }
  ],
  "meta": {
    "mocha": {
      "version": "7.0.1"
    },
    "mochawesome": {
      "options": {
        "quiet": false,
        "reportFilename": "mochawesome",
        "saveHtml": false,
        "saveJson": true,
        "consoleReporter": "spec",
        "useInlineDiffs": false,
        "code": true
      },
      "version": "6.1.1"
    },
    "marge": {
      "options": {
        "id": "default",
        "reportDir": "cypress/reports/mocha",
        "quite": true,
        "overwrite": false,
        "html": false,
        "json": true
      },
      "version": "5.1.0"
    }
  }
}