{
  "stats": {
    "suites": 1,
    "tests": 1,
    "passes": 1,
    "pending": 0,
    "failures": 0,
    "start": "2020-09-24T10:02:37.116Z",
    "end": "2020-09-24T10:02:46.965Z",
    "duration": 9849,
    "testsRegistered": 1,
    "passPercent": 100,
    "pendingPercent": 0,
    "other": 0,
    "hasOther": false,
    "skipped": 0,
    "hasSkipped": false
  },
  "results": [
    {
      "uuid": "53aa4984-be33-42cb-bbe3-f64044de3b47",
      "title": "",
      "fullFile": "cypress/integration/scenario_3/navigate_resultPage_spec.js",
      "file": "cypress/integration/scenario_3/navigate_resultPage_spec.js",
      "beforeHooks": [],
      "afterHooks": [],
      "tests": [],
      "suites": [
        {
          "uuid": "4077249f-e4d4-49df-87c4-a7cba4ab5735",
          "title": "Should be able to filter the results by Buy it now",
          "fullFile": "",
          "file": "",
          "beforeHooks": [],
          "afterHooks": [],
          "tests": [
            {
              "title": "Should confirm the page and naviagte through pages",
              "fullTitle": "Should be able to filter the results by Buy it now Should confirm the page and naviagte through pages",
              "timedOut": null,
              "duration": 8475,
              "state": "passed",
              "speed": "slow",
              "pass": true,
              "fail": false,
              "pending": false,
              "context": null,
              "code": "cy.scrollTo('bottom').url().should('contain', 'nkw=football') // naviagte to page 3 and validate\n.get(itemsPage.pagination).eq(2).click().url().should('contain', 'pgn=3') // naviagte to page 5 and validate\n.get(itemsPage.pagination).eq(4).click().url().should('contain', 'pgn=5');",
              "err": {},
              "uuid": "5bf1b9d4-33ff-4ba5-90f2-1a8b44b40a0c",
              "parentUUID": "4077249f-e4d4-49df-87c4-a7cba4ab5735",
              "isHook": false,
              "skipped": false
            }
          ],
          "suites": [],
          "passes": [
            "5bf1b9d4-33ff-4ba5-90f2-1a8b44b40a0c"
          ],
          "failures": [],
          "pending": [],
          "skipped": [],
          "duration": 8475,
          "root": false,
          "rootEmpty": false,
          "_timeout": 2000
        }
      ],
      "passes": [],
      "failures": [],
      "pending": [],
      "skipped": [],
      "duration": 0,
      "root": true,
      "rootEmpty": true,
      "_timeout": 2000
    }
  ],
  "meta": {
    "mocha": {
      "version": "7.0.1"
    },
    "mochawesome": {
      "options": {
        "quiet": false,
        "reportFilename": "mochawesome",
        "saveHtml": false,
        "saveJson": true,
        "consoleReporter": "spec",
        "useInlineDiffs": false,
        "code": true
      },
      "version": "6.1.1"
    },
    "marge": {
      "options": {
        "id": "default",
        "reportDir": "cypress/reports/mocha",
        "quite": true,
        "overwrite": false,
        "html": false,
        "json": true
      },
      "version": "5.1.0"
    }
  }
}