{
  "stats": {
    "suites": 1,
    "tests": 2,
    "passes": 2,
    "pending": 0,
    "failures": 0,
    "start": "2020-09-24T10:01:49.236Z",
    "end": "2020-09-24T10:02:03.294Z",
    "duration": 14058,
    "testsRegistered": 2,
    "passPercent": 100,
    "pendingPercent": 0,
    "other": 0,
    "hasOther": false,
    "skipped": 0,
    "hasSkipped": false
  },
  "results": [
    {
      "uuid": "4d9335f1-f69b-4cf1-846b-90e651b6dfa4",
      "title": "",
      "fullFile": "cypress/integration/Scenario_1/low_and_high_price_filter_spec.js",
      "file": "cypress/integration/Scenario_1/low_and_high_price_filter_spec.js",
      "beforeHooks": [],
      "afterHooks": [],
      "tests": [],
      "suites": [
        {
          "uuid": "1b929685-1774-4d36-959b-c1b710af653f",
          "title": "Should display and sort Lowest and highest price when clicked",
          "fullFile": "",
          "file": "",
          "beforeHooks": [],
          "afterHooks": [],
          "tests": [
            {
              "title": "Locate drop-down list best match , and click/filter LOWEST price",
              "fullTitle": "Should display and sort Lowest and highest price when clicked Locate drop-down list best match , and click/filter LOWEST price",
              "timedOut": null,
              "duration": 7436,
              "state": "passed",
              "speed": "slow",
              "pass": true,
              "fail": false,
              "pending": false,
              "context": null,
              "code": "cy.wait(1000).get(itemsPage.bestMatchBtn).click();\nitemsPage.filterLowPrice();",
              "err": {},
              "uuid": "5b7c8887-1655-47f8-816d-7d95bc00ef85",
              "parentUUID": "1b929685-1774-4d36-959b-c1b710af653f",
              "isHook": false,
              "skipped": false
            },
            {
              "title": "Locate drop-down list best match , and click/filter HIGHEST price",
              "fullTitle": "Should display and sort Lowest and highest price when clicked Locate drop-down list best match , and click/filter HIGHEST price",
              "timedOut": null,
              "duration": 5171,
              "state": "passed",
              "speed": "slow",
              "pass": true,
              "fail": false,
              "pending": false,
              "context": null,
              "code": "cy.get(itemsPage.bestMatchBtn).click();\nitemsPage.filterHighPrice();",
              "err": {},
              "uuid": "4faed17f-52ad-4ad9-9c18-7d6f14a1ac45",
              "parentUUID": "1b929685-1774-4d36-959b-c1b710af653f",
              "isHook": false,
              "skipped": false
            }
          ],
          "suites": [],
          "passes": [
            "5b7c8887-1655-47f8-816d-7d95bc00ef85",
            "4faed17f-52ad-4ad9-9c18-7d6f14a1ac45"
          ],
          "failures": [],
          "pending": [],
          "skipped": [],
          "duration": 12607,
          "root": false,
          "rootEmpty": false,
          "_timeout": 2000
        }
      ],
      "passes": [],
      "failures": [],
      "pending": [],
      "skipped": [],
      "duration": 0,
      "root": true,
      "rootEmpty": true,
      "_timeout": 2000
    }
  ],
  "meta": {
    "mocha": {
      "version": "7.0.1"
    },
    "mochawesome": {
      "options": {
        "quiet": false,
        "reportFilename": "mochawesome",
        "saveHtml": false,
        "saveJson": true,
        "consoleReporter": "spec",
        "useInlineDiffs": false,
        "code": true
      },
      "version": "6.1.1"
    },
    "marge": {
      "options": {
        "id": "default",
        "reportDir": "cypress/reports/mocha",
        "quite": true,
        "overwrite": false,
        "html": false,
        "json": true
      },
      "version": "5.1.0"
    }
  }
}