{
  "stats": {
    "suites": 1,
    "tests": 3,
    "passes": 2,
    "pending": 0,
    "failures": 1,
    "start": "2020-09-20T17:24:40.532Z",
    "end": "2020-09-20T17:25:00.401Z",
    "duration": 19869,
    "testsRegistered": 3,
    "passPercent": 66.66666666666666,
    "pendingPercent": 0,
    "other": 0,
    "hasOther": false,
    "skipped": 0,
    "hasSkipped": false
  },
  "results": [
    {
      "uuid": "824043ce-3449-4b37-943f-e899f3dacf0b",
      "title": "",
      "fullFile": "cypress/integration/Scenario_1/search_verify_spec.js",
      "file": "cypress/integration/Scenario_1/search_verify_spec.js",
      "beforeHooks": [],
      "afterHooks": [],
      "tests": [],
      "suites": [
        {
          "uuid": "780c0b90-b426-492f-9d16-d1d14ccc0988",
          "title": "Search and verify results",
          "fullFile": "",
          "file": "",
          "beforeHooks": [],
          "afterHooks": [],
          "tests": [
            {
              "title": "Should click on search and confirm the next page as expected",
              "fullTitle": "Search and verify results Should click on search and confirm the next page as expected",
              "timedOut": null,
              "duration": 4823,
              "state": "passed",
              "speed": "slow",
              "pass": true,
              "fail": false,
              "pending": false,
              "context": null,
              "code": "cy.wait(1000).url().should('contain', 'nkw=football'); // .get(homePage.abcSearchBtn).click()",
              "err": {},
              "uuid": "2cb1ff9c-f047-4f27-99d8-a18f8853442b",
              "parentUUID": "780c0b90-b426-492f-9d16-d1d14ccc0988",
              "isHook": false,
              "skipped": false
            },
            {
              "title": "Should Confirm the items card show;  price and show BuyItNow tag",
              "fullTitle": "Search and verify results Should Confirm the items card show;  price and show BuyItNow tag",
              "timedOut": null,
              "duration": 4192,
              "state": "passed",
              "speed": "slow",
              "pass": true,
              "fail": false,
              "pending": false,
              "context": null,
              "code": "cy.get(itemsPage.priceOfItem).should('exist').get(itemsPage.buyItNow).should('exist');",
              "err": {},
              "uuid": "a886a1e9-0890-456a-997a-153faa2a11e7",
              "parentUUID": "780c0b90-b426-492f-9d16-d1d14ccc0988",
              "isHook": false,
              "skipped": false
            },
            {
              "title": "This Should fail to confirm that priceOfItem should exist",
              "fullTitle": "Search and verify results This Should fail to confirm that priceOfItem should exist",
              "timedOut": null,
              "duration": 7566,
              "state": "failed",
              "speed": null,
              "pass": false,
              "fail": true,
              "pending": false,
              "context": null,
              "code": "cy.get(itemsPage.priceOfItem).should('not.exist');",
              "err": {
                "message": "AssertionError: Timed out retrying: Expected [ <span.s-item__price>, 62 more... ] not to exist in the DOM, but it was continuously found.",
                "estack": "AssertionError: Timed out retrying: Expected [ <span.s-item__price>, 62 more... ] not to exist in the DOM, but it was continuously found.\n    at Context.eval (https://www.ebay.co.uk/__cypress/tests?p=cypress/integration/Scenario_1/search_verify_spec.js:183:35)",
                "diff": null
              },
              "uuid": "9d2d61bf-c374-4d52-a6df-a705e7a5daff",
              "parentUUID": "780c0b90-b426-492f-9d16-d1d14ccc0988",
              "isHook": false,
              "skipped": false
            }
          ],
          "suites": [],
          "passes": [
            "2cb1ff9c-f047-4f27-99d8-a18f8853442b",
            "a886a1e9-0890-456a-997a-153faa2a11e7"
          ],
          "failures": [
            "9d2d61bf-c374-4d52-a6df-a705e7a5daff"
          ],
          "pending": [],
          "skipped": [],
          "duration": 16581,
          "root": false,
          "rootEmpty": false,
          "_timeout": 2000
        }
      ],
      "passes": [],
      "failures": [],
      "pending": [],
      "skipped": [],
      "duration": 0,
      "root": true,
      "rootEmpty": true,
      "_timeout": 2000
    }
  ],
  "meta": {
    "mocha": {
      "version": "7.0.1"
    },
    "mochawesome": {
      "options": {
        "quiet": false,
        "reportFilename": "mochawesome",
        "saveHtml": false,
        "saveJson": true,
        "consoleReporter": "spec",
        "useInlineDiffs": false,
        "code": true
      },
      "version": "6.1.1"
    },
    "marge": {
      "options": {
        "id": "default",
        "reportDir": "cypress/reports/mocha",
        "quite": true,
        "overwrite": false,
        "html": false,
        "json": true
      },
      "version": "5.1.0"
    }
  }
}