{
  "stats": {
    "suites": 1,
    "tests": 3,
    "passes": 2,
    "pending": 0,
    "failures": 1,
    "start": "2020-09-22T09:47:26.754Z",
    "end": "2020-09-22T09:47:45.385Z",
    "duration": 18631,
    "testsRegistered": 3,
    "passPercent": 66.66666666666666,
    "pendingPercent": 0,
    "other": 0,
    "hasOther": false,
    "skipped": 0,
    "hasSkipped": false
  },
  "results": [
    {
      "uuid": "5dfb4eac-dbcb-41db-a024-e9e813055fb0",
      "title": "",
      "fullFile": "cypress/integration/Scenario_1/search_verify_spec.js",
      "file": "cypress/integration/Scenario_1/search_verify_spec.js",
      "beforeHooks": [],
      "afterHooks": [],
      "tests": [],
      "suites": [
        {
          "uuid": "e09460db-494d-438e-b023-b2db1f2b13d7",
          "title": "Search and verify results",
          "fullFile": "",
          "file": "",
          "beforeHooks": [],
          "afterHooks": [],
          "tests": [
            {
              "title": "Should confirm navigation of the expected page",
              "fullTitle": "Search and verify results Should confirm navigation of the expected page",
              "timedOut": null,
              "duration": 4668,
              "state": "passed",
              "speed": "slow",
              "pass": true,
              "fail": false,
              "pending": false,
              "context": null,
              "code": "cy.wait(1000).url().should('contain', 'nkw=football');",
              "err": {},
              "uuid": "481ac4c1-b0c4-4e4a-a5c5-86d5571f5c35",
              "parentUUID": "e09460db-494d-438e-b023-b2db1f2b13d7",
              "isHook": false,
              "skipped": false
            },
            {
              "title": "Should Confirm the items card show;  price and show BuyItNow tag",
              "fullTitle": "Search and verify results Should Confirm the items card show;  price and show BuyItNow tag",
              "timedOut": null,
              "duration": 4325,
              "state": "passed",
              "speed": "slow",
              "pass": true,
              "fail": false,
              "pending": false,
              "context": null,
              "code": "cy.get(itemsPage.priceOfItem).should('exist').get(itemsPage.buyItNow).should('exist');",
              "err": {},
              "uuid": "52cab547-8dc1-4ea7-b26c-31dc9b2a433c",
              "parentUUID": "e09460db-494d-438e-b023-b2db1f2b13d7",
              "isHook": false,
              "skipped": false
            },
            {
              "title": "This Should fail to confirm that priceOfItem should exist",
              "fullTitle": "Search and verify results This Should fail to confirm that priceOfItem should exist",
              "timedOut": null,
              "duration": 8056,
              "state": "failed",
              "speed": null,
              "pass": false,
              "fail": true,
              "pending": false,
              "context": null,
              "code": "cy.get(itemsPage.priceOfItem).should('not.exist');",
              "err": {
                "message": "AssertionError: Timed out retrying: Expected [ <span.s-item__price>, 62 more... ] not to exist in the DOM, but it was continuously found.",
                "estack": "AssertionError: Timed out retrying: Expected [ <span.s-item__price>, 62 more... ] not to exist in the DOM, but it was continuously found.\n    at Context.eval (https://www.ebay.co.uk/__cypress/tests?p=cypress/integration/Scenario_1/search_verify_spec.js:183:35)",
                "diff": null
              },
              "uuid": "670b54c3-6c5a-48b0-88a9-b7089049c1e0",
              "parentUUID": "e09460db-494d-438e-b023-b2db1f2b13d7",
              "isHook": false,
              "skipped": false
            }
          ],
          "suites": [],
          "passes": [
            "481ac4c1-b0c4-4e4a-a5c5-86d5571f5c35",
            "52cab547-8dc1-4ea7-b26c-31dc9b2a433c"
          ],
          "failures": [
            "670b54c3-6c5a-48b0-88a9-b7089049c1e0"
          ],
          "pending": [],
          "skipped": [],
          "duration": 17049,
          "root": false,
          "rootEmpty": false,
          "_timeout": 2000
        }
      ],
      "passes": [],
      "failures": [],
      "pending": [],
      "skipped": [],
      "duration": 0,
      "root": true,
      "rootEmpty": true,
      "_timeout": 2000
    }
  ],
  "meta": {
    "mocha": {
      "version": "7.0.1"
    },
    "mochawesome": {
      "options": {
        "quiet": false,
        "reportFilename": "mochawesome",
        "saveHtml": false,
        "saveJson": true,
        "consoleReporter": "spec",
        "useInlineDiffs": false,
        "code": true
      },
      "version": "6.1.1"
    },
    "marge": {
      "options": {
        "id": "default",
        "reportDir": "cypress/reports/mocha",
        "quite": true,
        "overwrite": false,
        "html": false,
        "json": true
      },
      "version": "5.1.0"
    }
  }
}