{
  "stats": {
    "suites": 1,
    "tests": 2,
    "passes": 2,
    "pending": 0,
    "failures": 0,
    "start": "2020-09-22T09:47:11.467Z",
    "end": "2020-09-22T09:47:23.591Z",
    "duration": 12124,
    "testsRegistered": 2,
    "passPercent": 100,
    "pendingPercent": 0,
    "other": 0,
    "hasOther": false,
    "skipped": 0,
    "hasSkipped": false
  },
  "results": [
    {
      "uuid": "d4d75074-cad4-4968-8643-96e97d1bd89b",
      "title": "",
      "fullFile": "cypress/integration/Scenario_1/low_and_high_price_filter_spec.js",
      "file": "cypress/integration/Scenario_1/low_and_high_price_filter_spec.js",
      "beforeHooks": [],
      "afterHooks": [],
      "tests": [],
      "suites": [
        {
          "uuid": "6f5090a3-3bf8-497e-82ed-31565044581b",
          "title": "Should display and sort Lowest and highest price when clicked",
          "fullFile": "",
          "file": "",
          "beforeHooks": [],
          "afterHooks": [],
          "tests": [
            {
              "title": "Locate drop-down list best match , and click/filter LOWEST price",
              "fullTitle": "Should display and sort Lowest and highest price when clicked Locate drop-down list best match , and click/filter LOWEST price",
              "timedOut": null,
              "duration": 6112,
              "state": "passed",
              "speed": "slow",
              "pass": true,
              "fail": false,
              "pending": false,
              "context": null,
              "code": "cy.get(itemsPage.bestMatchBtn).click();\nitemsPage.filterLowPrice();",
              "err": {},
              "uuid": "6745e025-f89d-4d89-a0f0-73eebba47b62",
              "parentUUID": "6f5090a3-3bf8-497e-82ed-31565044581b",
              "isHook": false,
              "skipped": false
            },
            {
              "title": "Locate drop-down list best match , and click/filter HIGHEST price",
              "fullTitle": "Should display and sort Lowest and highest price when clicked Locate drop-down list best match , and click/filter HIGHEST price",
              "timedOut": null,
              "duration": 4661,
              "state": "passed",
              "speed": "slow",
              "pass": true,
              "fail": false,
              "pending": false,
              "context": null,
              "code": "cy.get(itemsPage.bestMatchBtn).click();\nitemsPage.filterHighPrice();",
              "err": {},
              "uuid": "633fa46e-7126-4fdf-a010-c16dc44b98b1",
              "parentUUID": "6f5090a3-3bf8-497e-82ed-31565044581b",
              "isHook": false,
              "skipped": false
            }
          ],
          "suites": [],
          "passes": [
            "6745e025-f89d-4d89-a0f0-73eebba47b62",
            "633fa46e-7126-4fdf-a010-c16dc44b98b1"
          ],
          "failures": [],
          "pending": [],
          "skipped": [],
          "duration": 10773,
          "root": false,
          "rootEmpty": false,
          "_timeout": 2000
        }
      ],
      "passes": [],
      "failures": [],
      "pending": [],
      "skipped": [],
      "duration": 0,
      "root": true,
      "rootEmpty": true,
      "_timeout": 2000
    }
  ],
  "meta": {
    "mocha": {
      "version": "7.0.1"
    },
    "mochawesome": {
      "options": {
        "quiet": false,
        "reportFilename": "mochawesome",
        "saveHtml": false,
        "saveJson": true,
        "consoleReporter": "spec",
        "useInlineDiffs": false,
        "code": true
      },
      "version": "6.1.1"
    },
    "marge": {
      "options": {
        "id": "default",
        "reportDir": "cypress/reports/mocha",
        "quite": true,
        "overwrite": false,
        "html": false,
        "json": true
      },
      "version": "5.1.0"
    }
  }
}