{
  "stats": {
    "suites": 5,
    "tests": 8,
    "passes": 7,
    "pending": 0,
    "failures": 1,
    "start": "2020-09-22T09:48:11.295Z",
    "end": "2020-09-22T09:48:11.295Z",
    "duration": 48123,
    "testsRegistered": 8,
    "passPercent": 87.5,
    "pendingPercent": 0,
    "other": 0,
    "hasOther": false,
    "skipped": 0,
    "hasSkipped": false
  },
  "results": [
    {
      "uuid": "cf82c61b-0294-4e27-805a-c857312969eb",
      "title": "",
      "fullFile": "cypress/integration/Scenario_1/buyItNow_filter_spec.js",
      "file": "cypress/integration/Scenario_1/buyItNow_filter_spec.js",
      "beforeHooks": [],
      "afterHooks": [],
      "tests": [],
      "suites": [
        {
          "uuid": "2455c06c-3b69-486b-bc7e-bed22ba4851c",
          "title": "Should be able to filter the results by Buy it now",
          "fullFile": "",
          "file": "",
          "beforeHooks": [],
          "afterHooks": [],
          "tests": [
            {
              "title": "should be able to navigate to buy it now view and confirm",
              "fullTitle": "Should be able to filter the results by Buy it now should be able to navigate to buy it now view and confirm",
              "timedOut": null,
              "duration": 7167,
              "state": "passed",
              "speed": "slow",
              "pass": true,
              "fail": false,
              "pending": false,
              "context": null,
              "code": "cy.get(itemsPage.buyNowtab).eq(3).click() // url validation\n.url().should('contain', 'BIN=1');",
              "err": {},
              "uuid": "68a5b294-1c2d-4978-a18d-c35c5d8d45d9",
              "parentUUID": "2455c06c-3b69-486b-bc7e-bed22ba4851c",
              "isHook": false,
              "skipped": false
            }
          ],
          "suites": [],
          "passes": [
            "68a5b294-1c2d-4978-a18d-c35c5d8d45d9"
          ],
          "failures": [],
          "pending": [],
          "skipped": [],
          "duration": 7167,
          "root": false,
          "rootEmpty": false,
          "_timeout": 2000
        }
      ],
      "passes": [],
      "failures": [],
      "pending": [],
      "skipped": [],
      "duration": 0,
      "root": true,
      "rootEmpty": true,
      "_timeout": 2000
    },
    {
      "uuid": "d4d75074-cad4-4968-8643-96e97d1bd89b",
      "title": "",
      "fullFile": "cypress/integration/Scenario_1/low_and_high_price_filter_spec.js",
      "file": "cypress/integration/Scenario_1/low_and_high_price_filter_spec.js",
      "beforeHooks": [],
      "afterHooks": [],
      "tests": [],
      "suites": [
        {
          "uuid": "6f5090a3-3bf8-497e-82ed-31565044581b",
          "title": "Should display and sort Lowest and highest price when clicked",
          "fullFile": "",
          "file": "",
          "beforeHooks": [],
          "afterHooks": [],
          "tests": [
            {
              "title": "Locate drop-down list best match , and click/filter LOWEST price",
              "fullTitle": "Should display and sort Lowest and highest price when clicked Locate drop-down list best match , and click/filter LOWEST price",
              "timedOut": null,
              "duration": 6112,
              "state": "passed",
              "speed": "slow",
              "pass": true,
              "fail": false,
              "pending": false,
              "context": null,
              "code": "cy.get(itemsPage.bestMatchBtn).click();\nitemsPage.filterLowPrice();",
              "err": {},
              "uuid": "6745e025-f89d-4d89-a0f0-73eebba47b62",
              "parentUUID": "6f5090a3-3bf8-497e-82ed-31565044581b",
              "isHook": false,
              "skipped": false
            },
            {
              "title": "Locate drop-down list best match , and click/filter HIGHEST price",
              "fullTitle": "Should display and sort Lowest and highest price when clicked Locate drop-down list best match , and click/filter HIGHEST price",
              "timedOut": null,
              "duration": 4661,
              "state": "passed",
              "speed": "slow",
              "pass": true,
              "fail": false,
              "pending": false,
              "context": null,
              "code": "cy.get(itemsPage.bestMatchBtn).click();\nitemsPage.filterHighPrice();",
              "err": {},
              "uuid": "633fa46e-7126-4fdf-a010-c16dc44b98b1",
              "parentUUID": "6f5090a3-3bf8-497e-82ed-31565044581b",
              "isHook": false,
              "skipped": false
            }
          ],
          "suites": [],
          "passes": [
            "6745e025-f89d-4d89-a0f0-73eebba47b62",
            "633fa46e-7126-4fdf-a010-c16dc44b98b1"
          ],
          "failures": [],
          "pending": [],
          "skipped": [],
          "duration": 10773,
          "root": false,
          "rootEmpty": false,
          "_timeout": 2000
        }
      ],
      "passes": [],
      "failures": [],
      "pending": [],
      "skipped": [],
      "duration": 0,
      "root": true,
      "rootEmpty": true,
      "_timeout": 2000
    },
    {
      "uuid": "5dfb4eac-dbcb-41db-a024-e9e813055fb0",
      "title": "",
      "fullFile": "cypress/integration/Scenario_1/search_verify_spec.js",
      "file": "cypress/integration/Scenario_1/search_verify_spec.js",
      "beforeHooks": [],
      "afterHooks": [],
      "tests": [],
      "suites": [
        {
          "uuid": "e09460db-494d-438e-b023-b2db1f2b13d7",
          "title": "Search and verify results",
          "fullFile": "",
          "file": "",
          "beforeHooks": [],
          "afterHooks": [],
          "tests": [
            {
              "title": "Should confirm navigation of the expected page",
              "fullTitle": "Search and verify results Should confirm navigation of the expected page",
              "timedOut": null,
              "duration": 4668,
              "state": "passed",
              "speed": "slow",
              "pass": true,
              "fail": false,
              "pending": false,
              "context": null,
              "code": "cy.wait(1000).url().should('contain', 'nkw=football');",
              "err": {},
              "uuid": "481ac4c1-b0c4-4e4a-a5c5-86d5571f5c35",
              "parentUUID": "e09460db-494d-438e-b023-b2db1f2b13d7",
              "isHook": false,
              "skipped": false
            },
            {
              "title": "Should Confirm the items card show;  price and show BuyItNow tag",
              "fullTitle": "Search and verify results Should Confirm the items card show;  price and show BuyItNow tag",
              "timedOut": null,
              "duration": 4325,
              "state": "passed",
              "speed": "slow",
              "pass": true,
              "fail": false,
              "pending": false,
              "context": null,
              "code": "cy.get(itemsPage.priceOfItem).should('exist').get(itemsPage.buyItNow).should('exist');",
              "err": {},
              "uuid": "52cab547-8dc1-4ea7-b26c-31dc9b2a433c",
              "parentUUID": "e09460db-494d-438e-b023-b2db1f2b13d7",
              "isHook": false,
              "skipped": false
            },
            {
              "title": "This Should fail to confirm that priceOfItem should exist",
              "fullTitle": "Search and verify results This Should fail to confirm that priceOfItem should exist",
              "timedOut": null,
              "duration": 8056,
              "state": "failed",
              "speed": null,
              "pass": false,
              "fail": true,
              "pending": false,
              "context": null,
              "code": "cy.get(itemsPage.priceOfItem).should('not.exist');",
              "err": {
                "message": "AssertionError: Timed out retrying: Expected [ <span.s-item__price>, 62 more... ] not to exist in the DOM, but it was continuously found.",
                "estack": "AssertionError: Timed out retrying: Expected [ <span.s-item__price>, 62 more... ] not to exist in the DOM, but it was continuously found.\n    at Context.eval (https://www.ebay.co.uk/__cypress/tests?p=cypress/integration/Scenario_1/search_verify_spec.js:183:35)",
                "diff": null
              },
              "uuid": "670b54c3-6c5a-48b0-88a9-b7089049c1e0",
              "parentUUID": "e09460db-494d-438e-b023-b2db1f2b13d7",
              "isHook": false,
              "skipped": false
            }
          ],
          "suites": [],
          "passes": [
            "481ac4c1-b0c4-4e4a-a5c5-86d5571f5c35",
            "52cab547-8dc1-4ea7-b26c-31dc9b2a433c"
          ],
          "failures": [
            "670b54c3-6c5a-48b0-88a9-b7089049c1e0"
          ],
          "pending": [],
          "skipped": [],
          "duration": 17049,
          "root": false,
          "rootEmpty": false,
          "_timeout": 2000
        }
      ],
      "passes": [],
      "failures": [],
      "pending": [],
      "skipped": [],
      "duration": 0,
      "root": true,
      "rootEmpty": true,
      "_timeout": 2000
    },
    {
      "uuid": "41aad504-6a53-433d-9297-3b716cd8ba49",
      "title": "",
      "fullFile": "cypress/integration/scenario_2/search_category_spec.js",
      "file": "cypress/integration/scenario_2/search_category_spec.js",
      "beforeHooks": [],
      "afterHooks": [],
      "tests": [],
      "suites": [
        {
          "uuid": "3c300192-437b-4bd0-badb-3b884233de75",
          "title": "Should search for the item and select a category",
          "fullFile": "",
          "file": "",
          "beforeHooks": [],
          "afterHooks": [],
          "tests": [
            {
              "title": "Land on the search item page and select a category",
              "fullTitle": "Should search for the item and select a category Land on the search item page and select a category",
              "timedOut": null,
              "duration": 4775,
              "state": "passed",
              "speed": "slow",
              "pass": true,
              "fail": false,
              "pending": false,
              "context": null,
              "code": "cy.get(itemsPage.categoryItem).eq(5).click(); // add validation\ncy.url().should('contain', 'nkw=football');",
              "err": {},
              "uuid": "f3845f4a-55ff-462b-9364-4f52fdf49a81",
              "parentUUID": "3c300192-437b-4bd0-badb-3b884233de75",
              "isHook": false,
              "skipped": false
            }
          ],
          "suites": [],
          "passes": [
            "f3845f4a-55ff-462b-9364-4f52fdf49a81"
          ],
          "failures": [],
          "pending": [],
          "skipped": [],
          "duration": 4775,
          "root": false,
          "rootEmpty": false,
          "_timeout": 2000
        }
      ],
      "passes": [],
      "failures": [],
      "pending": [],
      "skipped": [],
      "duration": 0,
      "root": true,
      "rootEmpty": true,
      "_timeout": 2000
    },
    {
      "uuid": "0c6d5867-1c15-476e-831e-e41defdc5f5c",
      "title": "",
      "fullFile": "cypress/integration/scenario_3/navigate_resultPage_spec.js",
      "file": "cypress/integration/scenario_3/navigate_resultPage_spec.js",
      "beforeHooks": [],
      "afterHooks": [],
      "tests": [],
      "suites": [
        {
          "uuid": "8b4884ae-0230-437d-8ef4-78d3cd9cce9b",
          "title": "Should be able to filter the results by Buy it now",
          "fullFile": "",
          "file": "",
          "beforeHooks": [],
          "afterHooks": [],
          "tests": [
            {
              "title": "Should confirm the page and naviagte through pages",
              "fullTitle": "Should be able to filter the results by Buy it now Should confirm the page and naviagte through pages",
              "timedOut": null,
              "duration": 8359,
              "state": "passed",
              "speed": "slow",
              "pass": true,
              "fail": false,
              "pending": false,
              "context": null,
              "code": "cy.scrollTo('bottom').url().should('contain', 'nkw=football') // naviagte to page 3 and validate\n.get(itemsPage.pagination).eq(2).click().url().should('contain', 'pgn=3') // naviagte to page 5 and validate\n.get(itemsPage.pagination).eq(4).click().url().should('contain', 'pgn=5');",
              "err": {},
              "uuid": "4b569c68-c75e-42cf-b9a1-42dc617c3a6e",
              "parentUUID": "8b4884ae-0230-437d-8ef4-78d3cd9cce9b",
              "isHook": false,
              "skipped": false
            }
          ],
          "suites": [],
          "passes": [
            "4b569c68-c75e-42cf-b9a1-42dc617c3a6e"
          ],
          "failures": [],
          "pending": [],
          "skipped": [],
          "duration": 8359,
          "root": false,
          "rootEmpty": false,
          "_timeout": 2000
        }
      ],
      "passes": [],
      "failures": [],
      "pending": [],
      "skipped": [],
      "duration": 0,
      "root": true,
      "rootEmpty": true,
      "_timeout": 2000
    }
  ],
  "meta": {
    "mocha": {
      "version": "7.0.1"
    },
    "mochawesome": {
      "options": {
        "quiet": false,
        "reportFilename": "mochawesome",
        "saveHtml": false,
        "saveJson": true,
        "consoleReporter": "spec",
        "useInlineDiffs": false,
        "code": true
      },
      "version": "6.1.1"
    },
    "marge": {
      "options": {
        "id": "default",
        "reportDir": "cypress/reports/mocha",
        "quite": true,
        "overwrite": false,
        "html": false,
        "json": true
      },
      "version": "5.1.0"
    }
  }
}