{
  "stats": {
    "suites": 5,
    "tests": 8,
    "passes": 7,
    "pending": 0,
    "failures": 1,
    "start": "2020-09-24T10:02:50.627Z",
    "end": "2020-09-24T10:02:50.627Z",
    "duration": 48713,
    "testsRegistered": 8,
    "passPercent": 87.5,
    "pendingPercent": 0,
    "other": 0,
    "hasOther": false,
    "skipped": 0,
    "hasSkipped": false
  },
  "results": [
    {
      "uuid": "2784e3ea-ecb5-467c-a542-5b273489f443",
      "title": "",
      "fullFile": "cypress/integration/Scenario_1/buyItNow_filter_spec.js",
      "file": "cypress/integration/Scenario_1/buyItNow_filter_spec.js",
      "beforeHooks": [],
      "afterHooks": [],
      "tests": [],
      "suites": [
        {
          "uuid": "82c3bb49-fb63-424c-982e-c6bea2a1b3d1",
          "title": "Should be able to filter the results by Buy it now",
          "fullFile": "",
          "file": "",
          "beforeHooks": [],
          "afterHooks": [],
          "tests": [
            {
              "title": "should be able to navigate to buy it now view and confirm",
              "fullTitle": "Should be able to filter the results by Buy it now should be able to navigate to buy it now view and confirm",
              "timedOut": null,
              "duration": 6176,
              "state": "passed",
              "speed": "slow",
              "pass": true,
              "fail": false,
              "pending": false,
              "context": null,
              "code": "cy.get(itemsPage.buyNowtab).eq(3).click() // url validation\n.url().should('contain', 'BIN=1');",
              "err": {},
              "uuid": "ad27100f-fbce-4943-ba81-3743051e283f",
              "parentUUID": "82c3bb49-fb63-424c-982e-c6bea2a1b3d1",
              "isHook": false,
              "skipped": false
            }
          ],
          "suites": [],
          "passes": [
            "ad27100f-fbce-4943-ba81-3743051e283f"
          ],
          "failures": [],
          "pending": [],
          "skipped": [],
          "duration": 6176,
          "root": false,
          "rootEmpty": false,
          "_timeout": 2000
        }
      ],
      "passes": [],
      "failures": [],
      "pending": [],
      "skipped": [],
      "duration": 0,
      "root": true,
      "rootEmpty": true,
      "_timeout": 2000
    },
    {
      "uuid": "4d9335f1-f69b-4cf1-846b-90e651b6dfa4",
      "title": "",
      "fullFile": "cypress/integration/Scenario_1/low_and_high_price_filter_spec.js",
      "file": "cypress/integration/Scenario_1/low_and_high_price_filter_spec.js",
      "beforeHooks": [],
      "afterHooks": [],
      "tests": [],
      "suites": [
        {
          "uuid": "1b929685-1774-4d36-959b-c1b710af653f",
          "title": "Should display and sort Lowest and highest price when clicked",
          "fullFile": "",
          "file": "",
          "beforeHooks": [],
          "afterHooks": [],
          "tests": [
            {
              "title": "Locate drop-down list best match , and click/filter LOWEST price",
              "fullTitle": "Should display and sort Lowest and highest price when clicked Locate drop-down list best match , and click/filter LOWEST price",
              "timedOut": null,
              "duration": 7436,
              "state": "passed",
              "speed": "slow",
              "pass": true,
              "fail": false,
              "pending": false,
              "context": null,
              "code": "cy.wait(1000).get(itemsPage.bestMatchBtn).click();\nitemsPage.filterLowPrice();",
              "err": {},
              "uuid": "5b7c8887-1655-47f8-816d-7d95bc00ef85",
              "parentUUID": "1b929685-1774-4d36-959b-c1b710af653f",
              "isHook": false,
              "skipped": false
            },
            {
              "title": "Locate drop-down list best match , and click/filter HIGHEST price",
              "fullTitle": "Should display and sort Lowest and highest price when clicked Locate drop-down list best match , and click/filter HIGHEST price",
              "timedOut": null,
              "duration": 5171,
              "state": "passed",
              "speed": "slow",
              "pass": true,
              "fail": false,
              "pending": false,
              "context": null,
              "code": "cy.get(itemsPage.bestMatchBtn).click();\nitemsPage.filterHighPrice();",
              "err": {},
              "uuid": "4faed17f-52ad-4ad9-9c18-7d6f14a1ac45",
              "parentUUID": "1b929685-1774-4d36-959b-c1b710af653f",
              "isHook": false,
              "skipped": false
            }
          ],
          "suites": [],
          "passes": [
            "5b7c8887-1655-47f8-816d-7d95bc00ef85",
            "4faed17f-52ad-4ad9-9c18-7d6f14a1ac45"
          ],
          "failures": [],
          "pending": [],
          "skipped": [],
          "duration": 12607,
          "root": false,
          "rootEmpty": false,
          "_timeout": 2000
        }
      ],
      "passes": [],
      "failures": [],
      "pending": [],
      "skipped": [],
      "duration": 0,
      "root": true,
      "rootEmpty": true,
      "_timeout": 2000
    },
    {
      "uuid": "023acbd4-fdfb-4938-b9c4-d688e7f0be83",
      "title": "",
      "fullFile": "cypress/integration/Scenario_1/search_verify_spec.js",
      "file": "cypress/integration/Scenario_1/search_verify_spec.js",
      "beforeHooks": [],
      "afterHooks": [],
      "tests": [],
      "suites": [
        {
          "uuid": "683e8de8-5319-4325-abed-dda843acc22e",
          "title": "Search and verify results",
          "fullFile": "",
          "file": "",
          "beforeHooks": [],
          "afterHooks": [],
          "tests": [
            {
              "title": "Should confirm navigation of the expected page",
              "fullTitle": "Search and verify results Should confirm navigation of the expected page",
              "timedOut": null,
              "duration": 4093,
              "state": "passed",
              "speed": "slow",
              "pass": true,
              "fail": false,
              "pending": false,
              "context": null,
              "code": "cy.wait(1000).url().should('contain', 'nkw=football');",
              "err": {},
              "uuid": "2d91b705-41da-4fd8-a643-47425cdfaf1c",
              "parentUUID": "683e8de8-5319-4325-abed-dda843acc22e",
              "isHook": false,
              "skipped": false
            },
            {
              "title": "Should Confirm the items card show;  price and show BuyItNow tag",
              "fullTitle": "Search and verify results Should Confirm the items card show;  price and show BuyItNow tag",
              "timedOut": null,
              "duration": 4816,
              "state": "passed",
              "speed": "slow",
              "pass": true,
              "fail": false,
              "pending": false,
              "context": null,
              "code": "cy.get(itemsPage.priceOfItem).should('exist').get(itemsPage.buyItNow).should('exist');",
              "err": {},
              "uuid": "ca31a0b9-4e0d-4063-a667-35523cdfea8b",
              "parentUUID": "683e8de8-5319-4325-abed-dda843acc22e",
              "isHook": false,
              "skipped": false
            },
            {
              "title": "This Should fail to confirm that priceOfItem should exist",
              "fullTitle": "Search and verify results This Should fail to confirm that priceOfItem should exist",
              "timedOut": null,
              "duration": 7940,
              "state": "failed",
              "speed": null,
              "pass": false,
              "fail": true,
              "pending": false,
              "context": null,
              "code": "cy.get(itemsPage.priceOfItem).should('not.exist');",
              "err": {
                "message": "AssertionError: Timed out retrying: Expected [ <span.s-item__price>, 62 more... ] not to exist in the DOM, but it was continuously found.",
                "estack": "AssertionError: Timed out retrying: Expected [ <span.s-item__price>, 62 more... ] not to exist in the DOM, but it was continuously found.\n    at Context.eval (https://www.ebay.co.uk/__cypress/tests?p=cypress/integration/Scenario_1/search_verify_spec.js:183:35)",
                "diff": null
              },
              "uuid": "ab0d8bbd-dc71-41bf-8e9c-e34bf23956b0",
              "parentUUID": "683e8de8-5319-4325-abed-dda843acc22e",
              "isHook": false,
              "skipped": false
            }
          ],
          "suites": [],
          "passes": [
            "2d91b705-41da-4fd8-a643-47425cdfaf1c",
            "ca31a0b9-4e0d-4063-a667-35523cdfea8b"
          ],
          "failures": [
            "ab0d8bbd-dc71-41bf-8e9c-e34bf23956b0"
          ],
          "pending": [],
          "skipped": [],
          "duration": 16849,
          "root": false,
          "rootEmpty": false,
          "_timeout": 2000
        }
      ],
      "passes": [],
      "failures": [],
      "pending": [],
      "skipped": [],
      "duration": 0,
      "root": true,
      "rootEmpty": true,
      "_timeout": 2000
    },
    {
      "uuid": "28ed3db0-fbe4-4071-9fbd-9918027c6920",
      "title": "",
      "fullFile": "cypress/integration/scenario_2/search_category_spec.js",
      "file": "cypress/integration/scenario_2/search_category_spec.js",
      "beforeHooks": [],
      "afterHooks": [],
      "tests": [],
      "suites": [
        {
          "uuid": "6d887ae4-4068-4e52-a4b7-3b4456a785c7",
          "title": "Should search for the item and select a category",
          "fullFile": "",
          "file": "",
          "beforeHooks": [],
          "afterHooks": [],
          "tests": [
            {
              "title": "Land on the search item page and select a category",
              "fullTitle": "Should search for the item and select a category Land on the search item page and select a category",
              "timedOut": null,
              "duration": 4606,
              "state": "passed",
              "speed": "slow",
              "pass": true,
              "fail": false,
              "pending": false,
              "context": null,
              "code": "cy.get(itemsPage.categoryItem).eq(5).click(); // add validation\ncy.url().should('contain', 'nkw=football');",
              "err": {},
              "uuid": "f9c1cc0e-70c2-45fe-a117-10625a576ef2",
              "parentUUID": "6d887ae4-4068-4e52-a4b7-3b4456a785c7",
              "isHook": false,
              "skipped": false
            }
          ],
          "suites": [],
          "passes": [
            "f9c1cc0e-70c2-45fe-a117-10625a576ef2"
          ],
          "failures": [],
          "pending": [],
          "skipped": [],
          "duration": 4606,
          "root": false,
          "rootEmpty": false,
          "_timeout": 2000
        }
      ],
      "passes": [],
      "failures": [],
      "pending": [],
      "skipped": [],
      "duration": 0,
      "root": true,
      "rootEmpty": true,
      "_timeout": 2000
    },
    {
      "uuid": "53aa4984-be33-42cb-bbe3-f64044de3b47",
      "title": "",
      "fullFile": "cypress/integration/scenario_3/navigate_resultPage_spec.js",
      "file": "cypress/integration/scenario_3/navigate_resultPage_spec.js",
      "beforeHooks": [],
      "afterHooks": [],
      "tests": [],
      "suites": [
        {
          "uuid": "4077249f-e4d4-49df-87c4-a7cba4ab5735",
          "title": "Should be able to filter the results by Buy it now",
          "fullFile": "",
          "file": "",
          "beforeHooks": [],
          "afterHooks": [],
          "tests": [
            {
              "title": "Should confirm the page and naviagte through pages",
              "fullTitle": "Should be able to filter the results by Buy it now Should confirm the page and naviagte through pages",
              "timedOut": null,
              "duration": 8475,
              "state": "passed",
              "speed": "slow",
              "pass": true,
              "fail": false,
              "pending": false,
              "context": null,
              "code": "cy.scrollTo('bottom').url().should('contain', 'nkw=football') // naviagte to page 3 and validate\n.get(itemsPage.pagination).eq(2).click().url().should('contain', 'pgn=3') // naviagte to page 5 and validate\n.get(itemsPage.pagination).eq(4).click().url().should('contain', 'pgn=5');",
              "err": {},
              "uuid": "5bf1b9d4-33ff-4ba5-90f2-1a8b44b40a0c",
              "parentUUID": "4077249f-e4d4-49df-87c4-a7cba4ab5735",
              "isHook": false,
              "skipped": false
            }
          ],
          "suites": [],
          "passes": [
            "5bf1b9d4-33ff-4ba5-90f2-1a8b44b40a0c"
          ],
          "failures": [],
          "pending": [],
          "skipped": [],
          "duration": 8475,
          "root": false,
          "rootEmpty": false,
          "_timeout": 2000
        }
      ],
      "passes": [],
      "failures": [],
      "pending": [],
      "skipped": [],
      "duration": 0,
      "root": true,
      "rootEmpty": true,
      "_timeout": 2000
    }
  ],
  "meta": {
    "mocha": {
      "version": "7.0.1"
    },
    "mochawesome": {
      "options": {
        "quiet": false,
        "reportFilename": "mochawesome",
        "saveHtml": false,
        "saveJson": true,
        "consoleReporter": "spec",
        "useInlineDiffs": false,
        "code": true
      },
      "version": "6.1.1"
    },
    "marge": {
      "options": {
        "id": "default",
        "reportDir": "cypress/reports/mocha",
        "quite": true,
        "overwrite": false,
        "html": false,
        "json": true
      },
      "version": "5.1.0"
    }
  }
}